[debug] [2021-07-21T10:29:04.756Z] ----------------------------------------------------------------------
[debug] [2021-07-21T10:29:04.759Z] Command:       C:\Program Files\nodejs\node.exe C:\Users\Monique\AppData\Roaming\npm\node_modules\firebase-tools\lib\bin\firebase.js init
[debug] [2021-07-21T10:29:04.759Z] CLI Version:   9.16.0
[debug] [2021-07-21T10:29:04.759Z] Platform:      win32
[debug] [2021-07-21T10:29:04.759Z] Node Version:  v12.18.3
[debug] [2021-07-21T10:29:04.761Z] Time:          Wed Jul 21 2021 12:29:04 GMT+0200 (South Africa Standard Time)
[debug] [2021-07-21T10:29:04.761Z] ----------------------------------------------------------------------
[debug] 
[debug] [2021-07-21T10:29:04.774Z] > command requires scopes: ["email","openid","https://www.googleapis.com/auth/cloudplatformprojects.readonly","https://www.googleapis.com/auth/firebase","https://www.googleapis.com/auth/cloud-platform"]
[debug] [2021-07-21T10:29:04.774Z] > authorizing via signed-in user (bluestormtrad@gmail.com)
[info] 
     ######## #### ########  ######## ########     ###     ######  ########
     ##        ##  ##     ## ##       ##     ##  ##   ##  ##       ##
     ######    ##  ########  ######   ########  #########  ######  ######
     ##        ##  ##    ##  ##       ##     ## ##     ##       ## ##
     ##       #### ##     ## ######## ########  ##     ##  ######  ########

You're about to initialize a Firebase project in this directory:

  D:\NetBeansProjects\Git Hub upload\CP Clones\Netflix-clone\netflix-clone

[info] 
=== Project Setup
[info] 
[info] First, let's associate this project directory with a Firebase project.
[info] You can create multiple project aliases by running firebase use --add, 
[info] but for now we'll just set up a default project.
[info] 
[debug] [2021-07-21T10:32:41.994Z] >>> [apiv2][query] GET https://firebase.googleapis.com/v1beta1/projects pageSize=100
[debug] [2021-07-21T10:32:42.638Z] <<< [apiv2][status] GET https://firebase.googleapis.com/v1beta1/projects 200
[debug] [2021-07-21T10:32:42.638Z] <<< [apiv2][body] GET https://firebase.googleapis.com/v1beta1/projects [omitted]
[info] i  Using project netflix-clone-63795 (netflix-clone) 
[info] 
=== Hosting Setup
[info] 
[info] Your public directory is the folder (relative to your project directory) that
[info] will contain Hosting assets to be uploaded with firebase deploy. If you
[info] have a build process for your assets, use your build's output directory.
[info] 
[debug] [2021-07-21T10:34:47.249Z] >>> [apiv2][query] GET https://www.gstatic.com/firebasejs/releases.json [none]
[debug] [2021-07-21T10:34:47.458Z] <<< [apiv2][status] GET https://www.gstatic.com/firebasejs/releases.json 200
[debug] [2021-07-21T10:34:47.459Z] <<< [apiv2][body] GET https://www.gstatic.com/firebasejs/releases.json {"current":{"version":"8.7.1","browserURL":"https://www.gstatic.com/firebasejs/8.7.1/firebase.js","packageURL":"https://www.gstatic.com/firebasejs/8.7.1/firebase.tgz"},"live":{"version":"8.7","browserURL":"https://www.gstatic.com/firebasejs/live/8.7/firebase.js","packageURL":"https://www.gstatic.com/firebasejs/live/8.7/firebase.tgz"},"components":{"analytics":"https://www.gstatic.com/firebasejs/8.7.1/firebase-analytics.js","app":"https://www.gstatic.com/firebasejs/8.7.1/firebase-app.js","app-check":"https://www.gstatic.com/firebasejs/8.7.1/firebase-app-check.js","auth":"https://www.gstatic.com/firebasejs/8.7.1/firebase-auth.js","database":"https://www.gstatic.com/firebasejs/8.7.1/firebase-database.js","firestore":"https://www.gstatic.com/firebasejs/8.7.1/firebase-firestore.js","functions":"https://www.gstatic.com/firebasejs/8.7.1/firebase-functions.js","installations":"https://www.gstatic.com/firebasejs/8.7.1/firebase-installations.js","messaging":"https://www.gstatic.com/firebasejs/8.7.1/firebase-messaging.js","storage":"https://www.gstatic.com/firebasejs/8.7.1/firebase-storage.js","performance":"https://www.gstatic.com/firebasejs/8.7.1/firebase-performance.js","remote-config":"https://www.gstatic.com/firebasejs/8.7.1/firebase-remote-config.js","firestore.memory":"https://www.gstatic.com/firebasejs/8.7.1/firebase-firestore.memory.js"}}
[info] +  Wrote build/index.html 
[info] 
[info] i  Detected a .git folder at D:\NetBeansProjects\Git Hub upload\CP Clones\Netflix-clone 
[info] i  Authorizing with GitHub to upload your service account to a GitHub repository's secrets store. 
[info] 
[info] Visit this URL on this device to log in:
[info] https://github.com/login/oauth/authorize?client_id=89cf50f02ac6aaed3484&state=152323909&redirect_uri=http%3A%2F%2Flocalhost%3A9005&scope=read%3Auser%20repo%20public_repo
[info] 
[info] Waiting for authentication...
[debug] [2021-07-21T10:35:50.362Z] >>> HTTP REQUEST POST https://github.com/login/oauth/access_token  
 {"client_id":"89cf50f02ac6aaed3484","client_secret":"3330d14abc895d9a74d5f17cd7a00711fa2c5bf0","code":"05bef9f97333d2a98d48","redirect_uri":"http://localhost:9005","state":"152323909"}
[debug] [2021-07-21T10:35:51.091Z] <<< HTTP RESPONSE 200 {"server":"GitHub.com","date":"Wed, 21 Jul 2021 10:35:50 GMT","content-type":"application/json; charset=utf-8","transfer-encoding":"chunked","vary":"X-PJAX, Accept-Encoding, Accept, X-Requested-With","permissions-policy":"interest-cohort=()","etag":"W/\"9c4eaa2cfb0c7f7cd1d305bd3743bb27\"","cache-control":"max-age=0, private, must-revalidate","strict-transport-security":"max-age=31536000; includeSubdomains; preload","x-frame-options":"deny","x-content-type-options":"nosniff","x-xss-protection":"0","referrer-policy":"origin-when-cross-origin, strict-origin-when-cross-origin","expect-ct":"max-age=2592000, report-uri=\"https://api.github.com/_private/browser/errors\"","content-security-policy":"default-src 'none'; base-uri 'self'; block-all-mixed-content; connect-src 'self' uploads.github.com www.githubstatus.com collector.githubapp.com api.github.com github-cloud.s3.amazonaws.com github-production-repository-file-5c1aeb.s3.amazonaws.com github-production-upload-manifest-file-7fdce7.s3.amazonaws.com github-production-user-asset-6210df.s3.amazonaws.com cdn.optimizely.com logx.optimizely.com/v1/events translator.github.com wss://alive.github.com; font-src github.githubassets.com; form-action 'self' github.com gist.github.com; frame-ancestors 'none'; frame-src render.githubusercontent.com render-temp.githubusercontent.com viewscreen.githubusercontent.com; img-src 'self' data: github.githubassets.com identicons.github.com collector.githubapp.com github-cloud.s3.amazonaws.com secured-user-images.githubusercontent.com/ *.githubusercontent.com; manifest-src 'self'; media-src 'none'; script-src github.githubassets.com; style-src 'unsafe-inline' github.githubassets.com; worker-src github.com/socket-worker-3f088aa2.js gist.github.com/socket-worker-3f088aa2.js","x-github-request-id":"CC28:5E34:1246EA5:12EB357:60F7F886"}
[debug] [2021-07-21T10:35:51.111Z] >>> [apiv2][query] GET https://api.github.com/user [none]
[debug] [2021-07-21T10:35:52.606Z] <<< [apiv2][status] GET https://api.github.com/user 200
[debug] [2021-07-21T10:35:52.606Z] <<< [apiv2][body] GET https://api.github.com/user {"login":"MoniqueChetty","id":55020016,"node_id":"MDQ6VXNlcjU1MDIwMDE2","avatar_url":"https://avatars.githubusercontent.com/u/55020016?v=4","gravatar_id":"","url":"https://api.github.com/users/MoniqueChetty","html_url":"https://github.com/MoniqueChetty","followers_url":"https://api.github.com/users/MoniqueChetty/followers","following_url":"https://api.github.com/users/MoniqueChetty/following{/other_user}","gists_url":"https://api.github.com/users/MoniqueChetty/gists{/gist_id}","starred_url":"https://api.github.com/users/MoniqueChetty/starred{/owner}{/repo}","subscriptions_url":"https://api.github.com/users/MoniqueChetty/subscriptions","organizations_url":"https://api.github.com/users/MoniqueChetty/orgs","repos_url":"https://api.github.com/users/MoniqueChetty/repos","events_url":"https://api.github.com/users/MoniqueChetty/events{/privacy}","received_events_url":"https://api.github.com/users/MoniqueChetty/received_events","type":"User","site_admin":false,"name":"Monique Chetty","company":"Blue storm trading","blog":"","location":"South Africa","email":null,"hireable":true,"bio":null,"twitter_username":null,"public_repos":27,"public_gists":0,"followers":1,"following":0,"created_at":"2019-09-07T10:45:21Z","updated_at":"2021-07-21T10:35:49Z","private_gists":0,"total_private_repos":2,"owned_private_repos":2,"disk_usage":54502,"collaborators":0,"two_factor_authentication":false,"plan":{"name":"free","space":976562499,"collaborators":0,"private_repos":10000}}
[info] 
[info] +  Success! Logged into GitHub as MoniqueChetty 
[info] 
